<?xml version="1.0" encoding="UTF-8"?>
<testsuite name="APITests.auth.AuthTest" tests="3" skipped="0" failures="0" errors="0" timestamp="2026-03-28T15:30:01.153Z" hostname="DESKTOP-IOAC1DS" time="25.039">
  <properties/>
  <testcase name="registroExitosoRetorna201ConToken" classname="APITests.auth.AuthTest" time="0.962"/>
  <testcase name="validarCuerpoVacioRetorna400" classname="APITests.auth.AuthTest" time="0.596"/>
  <testcase name="validarSoloNombreRetorna400" classname="APITests.auth.AuthTest" time="0.587"/>
  <system-out><![CDATA[Token intento 1 | status: 201
HTTP/1.1 201 Created
Content-Type: application/json
Content-Length: 82
Connection: keep-alive
Date: Sat, 28 Mar 2026 15:30:05 GMT
X-Amzn-Trace-Id: Root=1-69c7f3fd-72f347dd44031fca0ffa8bd5;Parent=05c930455b7386d3;Sampled=0;Lineage=1:9ee0f5ed:0
x-amzn-RequestId: d1f51d21-fc47-44d7-abff-444ca3274784
Access-Control-Allow-Origin: *
Access-Control-Allow-Headers: Content-Type, Authorization, X-Amz-Date, X-Api-Key, X-Amz-Security-Token
x-amz-apigw-id: a8MPqFeSIAMEQfg=
Access-Control-Allow-Methods: GET, POST, PUT, DELETE, OPTIONS, PATCH
X-Cache: Miss from cloudfront
Via: 1.1 32cb94c9456a5cf533221c8944223078.cloudfront.net (CloudFront)
X-Amz-Cf-Pop: SCL51-P5
X-Amz-Cf-Id: sh6sXv519F8YWQ5f7vyPIJ7OJUAS6KqA_CohPOD45ol3LtY8NAHZ-Q==

{
    "accessToken": "62a5a51f00e3b96110986f4919ecc1e53066b308716ec7130f7df860694ad54d"
}
Token intento 1 | status: 201
HTTP/1.1 400 Bad Request
Content-Type: application/json
Content-Length: 43
Connection: keep-alive
Date: Sat, 28 Mar 2026 15:30:29 GMT
X-Amzn-Trace-Id: Root=1-69c7f415-6a628add7514237921342ef9;Parent=1d9e38910b1fedda;Sampled=0;Lineage=1:9ee0f5ed:0
x-amzn-RequestId: fbd55254-6f03-4142-bbdc-c91b9a9fd312
Access-Control-Allow-Origin: *
Access-Control-Allow-Headers: Content-Type, Authorization, X-Amz-Date, X-Api-Key, X-Amz-Security-Token
x-amz-apigw-id: a8MTXHDcIAMEoOQ=
Access-Control-Allow-Methods: GET, POST, PUT, DELETE, OPTIONS, PATCH
X-Cache: Error from cloudfront
Via: 1.1 73ec3d2d2566d243aeb696c8c402f7e2.cloudfront.net (CloudFront)
X-Amz-Cf-Pop: SCL51-P5
X-Amz-Cf-Id: OR3JOkamJSFABQUYbYeIQ3LFNGezgwiYbt8OnJnVfAhhlsI_NmxEKQ==

{
    "error": "Invalid or missing client name."
}
HTTP/1.1 400 Bad Request
Content-Type: application/json
Content-Length: 44
Connection: keep-alive
Date: Sat, 28 Mar 2026 15:30:29 GMT
X-Amzn-Trace-Id: Root=1-69c7f415-2689b55e2a354112112eb881;Parent=26991996305ea8af;Sampled=0;Lineage=1:9ee0f5ed:0
x-amzn-RequestId: e18c0975-acbc-448c-9b19-97091d09d55c
Access-Control-Allow-Origin: *
Access-Control-Allow-Headers: Content-Type, Authorization, X-Amz-Date, X-Api-Key, X-Amz-Security-Token
x-amz-apigw-id: a8MTdE1zIAMEJ9A=
Access-Control-Allow-Methods: GET, POST, PUT, DELETE, OPTIONS, PATCH
X-Cache: Error from cloudfront
Via: 1.1 1fc34074bd91fa12f1e3e7ea3271324a.cloudfront.net (CloudFront)
X-Amz-Cf-Pop: SCL51-P5
X-Amz-Cf-Id: gDaVhamrtmrx-1jC7NzI9Xb9H9paZXxHgL-50z4zV3rVqOVa-jZi2A==

{
    "error": "Invalid or missing client email."
}
]]></system-out>
  <system-err><![CDATA[]]></system-err>
</testsuite>
