<?xml version="1.0" encoding="UTF-8"?>
<testsuite name="APITests.dataaccess.SoapTest" tests="2" skipped="0" failures="0" errors="0" timestamp="2026-03-28T15:30:07.764Z" hostname="DESKTOP-IOAC1DS" time="26.714">
  <properties/>
  <testcase name="testNumeroApalabras500" classname="APITests.dataaccess.SoapTest" time="1.13"/>
  <testcase name="testNumeroApalabras500" classname="APITests.dataaccess.SoapTest" time="0.578"/>
  <system-out><![CDATA[Status: 200
Body: <?xml version="1.0" encoding="utf-8"?>
<soap:Envelope xmlns:soap="http://schemas.xmlsoap.org/soap/envelope/">
  <soap:Body>
    <m:NumberToWordsResponse xmlns:m="http://www.dataaccess.com/webservicesserver/">
      <m:NumberToWordsResult>five hundred </m:NumberToWordsResult>
    </m:NumberToWordsResponse>
  </soap:Body>
</soap:Envelope>
Status: 200
Body: <?xml version="1.0" encoding="utf-8"?>
<soap:Envelope xmlns:soap="http://schemas.xmlsoap.org/soap/envelope/">
  <soap:Body>
    <m:NumberToWordsResponse xmlns:m="http://www.dataaccess.com/webservicesserver/">
      <m:NumberToWordsResult>five hundred </m:NumberToWordsResult>
    </m:NumberToWordsResponse>
  </soap:Body>
</soap:Envelope>
]]></system-out>
  <system-err><![CDATA[]]></system-err>
</testsuite>
