<?xml version="1.0" encoding="UTF-8"?>
<testsuite name="APITests.rickandmorty.RickAndMortyTest" tests="2" skipped="0" failures="0" errors="0" timestamp="2026-03-28T14:59:07.458Z" hostname="DESKTOP-IOAC1DS" time="9.276">
  <properties/>
  <testcase name="testGetPersonajeRick" classname="APITests.rickandmorty.RickAndMortyTest" time="0.461"/>
  <testcase name="testValidarCamposAnidadosConJsonPath" classname="APITests.rickandmorty.RickAndMortyTest" time="0.276"/>
  <system-out><![CDATA[]]></system-out>
  <system-err><![CDATA[]]></system-err>
</testsuite>
