<?xml version="1.0" encoding="UTF-8"?>
<testsuite name="APITests.rickandmorty.RickAndMortyTest" tests="2" skipped="0" failures="0" errors="0" timestamp="2026-03-26T19:22:46.850Z" hostname="DESKTOP-IOAC1DS" time="4.786">
  <properties/>
  <testcase name="testGetPersonajeRick" classname="APITests.rickandmorty.RickAndMortyTest" time="2.651"/>
  <testcase name="testValidarCamposAnidadosConJsonPath" classname="APITests.rickandmorty.RickAndMortyTest" time="0.286"/>
  <system-out><![CDATA[]]></system-out>
  <system-err><![CDATA[]]></system-err>
</testsuite>
