<?xml version="1.0" encoding="UTF-8"?>
<testsuite name="APITests.books.BooksTest" tests="8" skipped="0" failures="0" errors="0" timestamp="2026-03-28T14:59:04.005Z" hostname="DESKTOP-IOAC1DS" time="22.884">
  <properties/>
  <testcase name="validarStatusCode200Books" classname="APITests.books.BooksTest" time="0.364"/>
  <testcase name="listarLibrosConToken" classname="APITests.books.BooksTest" time="0.279"/>
  <testcase name="validarLibroPorId[0](1)" classname="APITests.books.BooksTest" time="0.319"/>
  <testcase name="validarLibroPorId[1](2)" classname="APITests.books.BooksTest" time="0.305"/>
  <testcase name="validarLibroPorId[2](3)" classname="APITests.books.BooksTest" time="0.362"/>
  <testcase name="validarStatusCode200Books" classname="APITests.books.BooksTest" time="0.285"/>
  <testcase name="validarStatusCode404LibroNoExiste" classname="APITests.books.BooksTest" time="0.322"/>
  <testcase name="validarTiempoDeRespuesta" classname="APITests.books.BooksTest" time="0.346"/>
  <system-out><![CDATA[Token intento 1 | status: 201
HTTP/1.1 200 OK
Content-Type: application/json
Content-Length: 417
Connection: keep-alive
Date: Sat, 28 Mar 2026 14:59:08 GMT
X-Amzn-Trace-Id: Root=1-69c7ecbb-042764641bbd694f0ed72621;Parent=0cb25aa3edff6406;Sampled=0;Lineage=1:9ee0f5ed:0
x-amzn-RequestId: 6048363a-3395-4d21-82a3-60ae40d3ea7d
Access-Control-Allow-Origin: *
Access-Control-Allow-Headers: Content-Type, Authorization, X-Amz-Date, X-Api-Key, X-Amz-Security-Token
x-amz-apigw-id: a8HtbFfDIAMEQjw=
Access-Control-Allow-Methods: GET, POST, PUT, DELETE, OPTIONS, PATCH
X-Cache: Miss from cloudfront
Via: 1.1 1d180e6d1aa5f424d0d3571ff7011a02.cloudfront.net (CloudFront)
X-Amz-Cf-Pop: MIA3-P2
X-Amz-Cf-Id: M0Oj90SUgci4gPagqLi5sC5_wQI86SgyqQRNZKuwyMJoBvYxWIpd8g==

[
    {
        "id": 1,
        "name": "The Russian",
        "type": "fiction",
        "available": true
    },
    {
        "id": 3,
        "name": "The Vanishing Half",
        "type": "fiction",
        "available": true
    },
    {
        "id": 4,
        "name": "The Midnight Library",
        "type": "fiction",
        "available": true
    },
    {
        "id": 6,
        "name": "Viscount Who Loved Me",
        "type": "fiction",
        "available": true
    },
    {
        "id": 2,
        "name": "Just as I Am",
        "type": "non-fiction",
        "available": false
    },
    {
        "id": 5,
        "name": "Untamed",
        "type": "non-fiction",
        "available": true
    }
]
Token intento 1 | status: 201
Lista de libros: [{"id":1,"name":"The Russian","type":"fiction","available":true},{"id":3,"name":"The Vanishing Half","type":"fiction","available":true},{"id":4,"name":"The Midnight Library","type":"fiction","available":true},{"id":6,"name":"Viscount Who Loved Me","type":"fiction","available":true},{"id":2,"name":"Just as I Am","type":"non-fiction","available":false},{"id":5,"name":"Untamed","type":"non-fiction","available":true}]
HTTP/1.1 200 OK
Content-Type: application/json
Content-Length: 316
Connection: keep-alive
Date: Sat, 28 Mar 2026 14:59:14 GMT
X-Amzn-Trace-Id: Root=1-69c7ecc2-093815745cc6cf482c1052ca;Parent=58eb7156dc34018c;Sampled=0;Lineage=1:9ee0f5ed:0
x-amzn-RequestId: 4065c72c-812f-4c21-a801-60dab50940eb
Access-Control-Allow-Origin: *
Access-Control-Allow-Headers: Content-Type, Authorization, X-Amz-Date, X-Api-Key, X-Amz-Security-Token
x-amz-apigw-id: a8HucGN_oAMEYrg=
Access-Control-Allow-Methods: GET, POST, PUT, DELETE, OPTIONS, PATCH
X-Cache: Miss from cloudfront
Via: 1.1 577ac6ab40b1e229d1caa3dc0fac8dba.cloudfront.net (CloudFront)
X-Amz-Cf-Pop: MIA3-P2
X-Amz-Cf-Id: 0pMZjhjSye5jPdf27lZn6j3MokWSLNfhNYjuGE_FfBvbLjHBEEUfkw==

{
    "id": 1,
    "entityType": "BOOK",
    "available": true,
    "timestamp": 1752239490804,
    "created": "2025-07-11T13:11:30.804Z",
    "isbn": "1780899475",
    "GSI1SK": "BOOK#1",
    "name": "The Russian",
    "current-stock": 12,
    "GSI1PK": "TYPE#fiction",
    "price": 12.98,
    "PK": "BOOK#1",
    "author": "James Patterson and James O. Born",
    "type": "fiction",
    "SK": "METADATA"
}
HTTP/1.1 200 OK
Content-Type: application/json
Content-Length: 284
Connection: keep-alive
Date: Sat, 28 Mar 2026 14:59:14 GMT
X-Amzn-Trace-Id: Root=1-69c7ecc2-19395f287146997e189e439c;Parent=384ad5035c588772;Sampled=0;Lineage=1:9ee0f5ed:0
x-amzn-RequestId: d194c460-756e-4fd7-b9b0-43f06a07cfea
Access-Control-Allow-Origin: *
Access-Control-Allow-Headers: Content-Type, Authorization, X-Amz-Date, X-Api-Key, X-Amz-Security-Token
x-amz-apigw-id: a8HugGUzIAMEabA=
Access-Control-Allow-Methods: GET, POST, PUT, DELETE, OPTIONS, PATCH
X-Cache: Miss from cloudfront
Via: 1.1 19730f0d78f5675aa7f2838252596968.cloudfront.net (CloudFront)
X-Amz-Cf-Pop: MIA3-P2
X-Amz-Cf-Id: yVleKyIeJKB9xcKUYPedgsQqZsxTEaCGrTD1mriTxmySS3LIHyOFzQ==

{
    "id": 2,
    "entityType": "BOOK",
    "available": false,
    "timestamp": 1752239490804,
    "created": "2025-07-11T13:11:30.804Z",
    "GSI1SK": "BOOK#2",
    "name": "Just as I Am",
    "current-stock": 0,
    "GSI1PK": "TYPE#non-fiction",
    "price": 20.33,
    "PK": "BOOK#2",
    "author": "Cicely Tyson",
    "type": "non-fiction",
    "SK": "METADATA"
}
HTTP/1.1 200 OK
Content-Type: application/json
Content-Length: 282
Connection: keep-alive
Date: Sat, 28 Mar 2026 14:59:15 GMT
X-Amzn-Trace-Id: Root=1-69c7ecc3-35c591081c72154348a1fe45;Parent=54f10dc81764f41c;Sampled=0;Lineage=1:9ee0f5ed:0
x-amzn-RequestId: 3d0ea71f-f4bb-4b40-926d-b04948f2ac49
Access-Control-Allow-Origin: *
Access-Control-Allow-Headers: Content-Type, Authorization, X-Amz-Date, X-Api-Key, X-Amz-Security-Token
x-amz-apigw-id: a8HukH_-IAMEgZQ=
Access-Control-Allow-Methods: GET, POST, PUT, DELETE, OPTIONS, PATCH
X-Cache: Miss from cloudfront
Via: 1.1 ec0b644805bfeaee151a548540f12a4a.cloudfront.net (CloudFront)
X-Amz-Cf-Pop: MIA3-P2
X-Amz-Cf-Id: xrIrIqoiRVxFsPZLmhXonvNUgeio7TSnGYEZ18Pq1PSRoVEmvMuTwg==

{
    "id": 3,
    "entityType": "BOOK",
    "available": true,
    "timestamp": 1752239490804,
    "created": "2025-07-11T13:11:30.804Z",
    "GSI1SK": "BOOK#3",
    "name": "The Vanishing Half",
    "current-stock": 987,
    "GSI1PK": "TYPE#fiction",
    "price": 16.2,
    "PK": "BOOK#3",
    "author": "Brit Bennett",
    "type": "fiction",
    "SK": "METADATA"
}
HTTP/1.1 200 OK
Content-Type: application/json
Content-Length: 417
Connection: keep-alive
Date: Sat, 28 Mar 2026 14:59:15 GMT
X-Amzn-Trace-Id: Root=1-69c7ecc3-30f0022c405cb0d00d4967ff;Parent=55f3af143233e4dd;Sampled=0;Lineage=1:9ee0f5ed:0
x-amzn-RequestId: 2e44337b-28f5-471a-81b6-83b4c6d7cf8e
Access-Control-Allow-Origin: *
Access-Control-Allow-Headers: Content-Type, Authorization, X-Amz-Date, X-Api-Key, X-Amz-Security-Token
x-amz-apigw-id: a8HuoHxJoAMEgwA=
Access-Control-Allow-Methods: GET, POST, PUT, DELETE, OPTIONS, PATCH
X-Cache: Miss from cloudfront
Via: 1.1 dd2d6c5b6e642ed1fe019e9ccc631034.cloudfront.net (CloudFront)
X-Amz-Cf-Pop: MIA3-P2
X-Amz-Cf-Id: knOo6d8etRUfrT-YWBcCQN2Iio3yEdU-my8gcDk3HZpuwMLP4TnwSw==

[
    {
        "id": 1,
        "name": "The Russian",
        "type": "fiction",
        "available": true
    },
    {
        "id": 3,
        "name": "The Vanishing Half",
        "type": "fiction",
        "available": true
    },
    {
        "id": 4,
        "name": "The Midnight Library",
        "type": "fiction",
        "available": true
    },
    {
        "id": 6,
        "name": "Viscount Who Loved Me",
        "type": "fiction",
        "available": true
    },
    {
        "id": 2,
        "name": "Just as I Am",
        "type": "non-fiction",
        "available": false
    },
    {
        "id": 5,
        "name": "Untamed",
        "type": "non-fiction",
        "available": true
    }
]
Token intento 1 | status: 201
HTTP/1.1 404 Not Found
Content-Type: application/json
Content-Length: 31
Connection: keep-alive
Date: Sat, 28 Mar 2026 14:59:26 GMT
X-Amzn-Trace-Id: Root=1-69c7ecce-748d90a82a48f49e19522815;Parent=0e5a3e8c9005706c;Sampled=0;Lineage=1:9ee0f5ed:0
x-amzn-RequestId: d2744321-7b17-4b82-b906-0e5ac96e9072
Access-Control-Allow-Origin: *
Access-Control-Allow-Headers: Content-Type, Authorization, X-Amz-Date, X-Api-Key, X-Amz-Security-Token
x-amz-apigw-id: a8HwQFTvIAMEu0A=
Access-Control-Allow-Methods: GET, POST, PUT, DELETE, OPTIONS, PATCH
X-Cache: Error from cloudfront
Via: 1.1 eb5404df751050cb794699dc9d953726.cloudfront.net (CloudFront)
X-Amz-Cf-Pop: MIA3-P2
X-Amz-Cf-Id: Ith8Tj1HEt_gbobAssd5Sfw7LKhEE_HF3tkSwTQDx3r4HXW15IRS8A==

{
    "error": "No book with id 999"
}
Token intento 1 | status: 201
]]></system-out>
  <system-err><![CDATA[[Test worker] INFO APITests.books.BooksTest - Iniciando test: validarStatusCode200Books
[Test worker] INFO APITests.books.BooksTest - Test completado exitosamente
[Test worker] INFO APITests.books.BooksTest - Iniciando test: validarStatusCode200Books
[Test worker] INFO APITests.books.BooksTest - Test completado exitosamente
]]></system-err>
</testsuite>
