<?xml version="1.0" encoding="UTF-8"?>
<testsuite name="APITests.books.OrdersTest" tests="8" skipped="0" failures="0" errors="0" timestamp="2026-03-28T14:59:04.733Z" hostname="DESKTOP-IOAC1DS" time="18.954">
  <properties/>
  <testcase name="listarOrdenes" classname="APITests.books.OrdersTest" time="0.287"/>
  <testcase name="crearOrden" classname="APITests.books.OrdersTest" time="0.788"/>
  <testcase name="listarOrdenes" classname="APITests.books.OrdersTest" time="0.329"/>
  <testcase name="validarStatusCode401TokenInvalidoEnGet" classname="APITests.books.OrdersTest" time="0.31"/>
  <testcase name="validarStatusCode401TokenInvalidoEnPost" classname="APITests.books.OrdersTest" time="0.355"/>
  <testcase name="validarStatusCode400CuandoCuerpoEsInvalido" classname="APITests.books.OrdersTest" time="0.315"/>
  <testcase name="validarStatusCode401TokenInvalidoEnGet" classname="APITests.books.OrdersTest" time="0.269"/>
  <testcase name="validarStatusCode401TokenInvalidoEnPost" classname="APITests.books.OrdersTest" time="0.275"/>
  <system-out><![CDATA[Token intento 1 | status: 201
HTTP/1.1 200 OK
Content-Type: application/json
Content-Length: 2
Connection: keep-alive
Date: Sat, 28 Mar 2026 14:59:08 GMT
X-Amzn-Trace-Id: Root=1-69c7ecbc-377784843283bf251337a931;Parent=20cc65077168d0f7;Sampled=0;Lineage=1:9ee0f5ed:0
x-amzn-RequestId: 4b2344e1-c2d3-403e-ad52-a4cf8d125bbc
Access-Control-Allow-Origin: *
Access-Control-Allow-Headers: Content-Type, Authorization, X-Amz-Date, X-Api-Key, X-Amz-Security-Token
x-amz-apigw-id: a8HtiHmtoAMEoPQ=
Access-Control-Allow-Methods: GET, POST, PUT, DELETE, OPTIONS, PATCH
X-Cache: Miss from cloudfront
Via: 1.1 edc731fea88a8cd61136d321a3ec9df2.cloudfront.net (CloudFront)
X-Amz-Cf-Pop: MIA3-P2
X-Amz-Cf-Id: veYwKSowBRgy4nDeuUDTqZSqZ0ckgSF7KAAQ7N0c9lblWgtWM5_J6Q==

[
    
]
Token intento 1 | status: 201
HTTP/1.1 201 Created
Content-Type: application/json
Content-Length: 50
Connection: keep-alive
Date: Sat, 28 Mar 2026 14:59:16 GMT
X-Amzn-Trace-Id: Root=1-69c7ecc4-1c296ec821af98a71b73dfc9;Parent=30dbe0aa79346c60;Sampled=0;Lineage=1:9ee0f5ed:0
x-amzn-RequestId: 339b53e7-326a-4ac5-ba69-dd0351e24f07
Access-Control-Allow-Origin: *
Access-Control-Allow-Headers: Content-Type, Authorization, X-Amz-Date, X-Api-Key, X-Amz-Security-Token
x-amz-apigw-id: a8HuyGZpoAMEomg=
Access-Control-Allow-Methods: GET, POST, PUT, DELETE, OPTIONS, PATCH
X-Cache: Miss from cloudfront
Via: 1.1 19f81b125c62da79641b37663ddce94c.cloudfront.net (CloudFront)
X-Amz-Cf-Pop: MIA3-P2
X-Amz-Cf-Id: K7SOe8NLOd75fPTKsQ1ZzM4NnayayOYLcr5ogvMGyT64fGFqFGZe_g==

{
    "created": true,
    "orderId": "I_ujpiP0I-PoOy5yyEDV3"
}
Order ID: I_ujpiP0I-PoOy5yyEDV3
HTTP/1.1 200 OK
Content-Type: application/json
Content-Length: 104
Connection: keep-alive
Date: Sat, 28 Mar 2026 14:59:17 GMT
X-Amzn-Trace-Id: Root=1-69c7ecc5-61991dce688f3f513e96f702;Parent=103348303ac4b668;Sampled=0;Lineage=1:9ee0f5ed:0
x-amzn-RequestId: b7ae325d-3e3c-4bd3-a0bd-55cface15e46
Access-Control-Allow-Origin: *
Access-Control-Allow-Headers: Content-Type, Authorization, X-Amz-Date, X-Api-Key, X-Amz-Security-Token
x-amz-apigw-id: a8Hu3FuUoAMEeQA=
Access-Control-Allow-Methods: GET, POST, PUT, DELETE, OPTIONS, PATCH
X-Cache: Miss from cloudfront
Via: 1.1 2fe82b22dfffd878b4fbdc9a1d847330.cloudfront.net (CloudFront)
X-Amz-Cf-Pop: MIA3-P2
X-Amz-Cf-Id: TNPYn7eHiDzj1o3c5cHyO4lRWLebpTf3WVln-F0P6HWxTvyPtYOI9w==

[
    {
        "id": "I_ujpiP0I-PoOy5yyEDV3",
        "bookId": 1,
        "customerName": "jhon",
        "quantity": 1,
        "timestamp": 1774709956670
    }
]
Token intento 1 | status: 201
HTTP/1.1 401 Unauthorized
Content-Type: application/json
Content-Length: 33
Connection: keep-alive
Date: Sat, 28 Mar 2026 14:59:23 GMT
X-Amzn-Trace-Id: Root=1-69c7eccb-5b903dd91c7e41b16b99c217;Parent=6bc7a869912f4bca;Sampled=0;Lineage=1:9ee0f5ed:0
x-amzn-RequestId: 602659b9-cf83-4193-8f9e-5991ef0ec198
Access-Control-Allow-Origin: *
Access-Control-Allow-Headers: Content-Type, Authorization, X-Amz-Date, X-Api-Key, X-Amz-Security-Token
x-amz-apigw-id: a8Hv6HSbIAMEb4Q=
Access-Control-Allow-Methods: GET, POST, PUT, DELETE, OPTIONS, PATCH
X-Cache: Error from cloudfront
Via: 1.1 ec0b644805bfeaee151a548540f12a4a.cloudfront.net (CloudFront)
X-Amz-Cf-Pop: MIA3-P2
X-Amz-Cf-Id: hOB_Ng9gvQQN6j0kvbGeb3JzPcIETeH6C0UOlIR37v2ArqGGNb1C_A==

{
    "error": "Invalid bearer token."
}
HTTP/1.1 401 Unauthorized
Content-Type: application/json
Content-Length: 33
Connection: keep-alive
Date: Sat, 28 Mar 2026 14:59:24 GMT
X-Amzn-Trace-Id: Root=1-69c7eccc-4afcb22261e9b330754bd3e8;Parent=0ddfcf4c2eb63a52;Sampled=0;Lineage=1:9ee0f5ed:0
x-amzn-RequestId: 92a10c81-2a81-4918-b4fd-2a69ebb65d8e
Access-Control-Allow-Origin: *
Access-Control-Allow-Headers: Content-Type, Authorization, X-Amz-Date, X-Api-Key, X-Amz-Security-Token
x-amz-apigw-id: a8Hv-FRKoAMEd6Q=
Access-Control-Allow-Methods: GET, POST, PUT, DELETE, OPTIONS, PATCH
X-Cache: Error from cloudfront
Via: 1.1 ab5bcbd8c5b6d1e18d99563cef1a3042.cloudfront.net (CloudFront)
X-Amz-Cf-Pop: MIA3-P2
X-Amz-Cf-Id: QSizm35hPgLkHac_9yBAUGS_Eqf9I7N_ClsXOh-hCkc-eWg-DWvEBw==

{
    "error": "Invalid bearer token."
}
Token intento 1 | status: 201
HTTP/1.1 400 Bad Request
Content-Type: application/json
Content-Length: 38
Connection: keep-alive
Date: Sat, 28 Mar 2026 14:59:26 GMT
X-Amzn-Trace-Id: Root=1-69c7ecce-7482a0a3207937f253e955ef;Parent=7e0f47795c8c55ec;Sampled=0;Lineage=1:9ee0f5ed:0
x-amzn-RequestId: 75d6b766-239f-448a-8a56-e5c344e70a73
Access-Control-Allow-Origin: *
Access-Control-Allow-Headers: Content-Type, Authorization, X-Amz-Date, X-Api-Key, X-Amz-Security-Token
x-amz-apigw-id: a8HwWGlPoAMEsBg=
Access-Control-Allow-Methods: GET, POST, PUT, DELETE, OPTIONS, PATCH
X-Cache: Error from cloudfront
Via: 1.1 c8bcdad2cb88c57a5e39f7757d2e9f6a.cloudfront.net (CloudFront)
X-Amz-Cf-Pop: MIA3-P2
X-Amz-Cf-Id: Z1uGEMm92FjaczqvLMxmE5f9Ztxzr-VGrz8v4uECl7BsIZ-tJPeakg==

{
    "error": "Invalid or missing bookId."
}
HTTP/1.1 401 Unauthorized
Content-Type: application/json
Content-Length: 33
Connection: keep-alive
Date: Sat, 28 Mar 2026 14:59:27 GMT
X-Amzn-Trace-Id: Root=1-69c7ecce-0070085b642b7abe0b9e5882;Parent=3c0c28c9361205e3;Sampled=0;Lineage=1:9ee0f5ed:0
x-amzn-RequestId: d4a6c634-7175-4607-a18f-154621fb6070
Access-Control-Allow-Origin: *
Access-Control-Allow-Headers: Content-Type, Authorization, X-Amz-Date, X-Api-Key, X-Amz-Security-Token
x-amz-apigw-id: a8HwaEJKoAMEL-w=
Access-Control-Allow-Methods: GET, POST, PUT, DELETE, OPTIONS, PATCH
X-Cache: Error from cloudfront
Via: 1.1 8e474c795a53d6737eb97f2aa45be964.cloudfront.net (CloudFront)
X-Amz-Cf-Pop: MIA3-P2
X-Amz-Cf-Id: EeEOjBWP_zoxdwQKA1DivYomwM4KMrFutU3Lj2haRnS4uUxDbAplNA==

{
    "error": "Invalid bearer token."
}
HTTP/1.1 401 Unauthorized
Content-Type: application/json
Content-Length: 33
Connection: keep-alive
Date: Sat, 28 Mar 2026 14:59:27 GMT
X-Amzn-Trace-Id: Root=1-69c7eccf-0918e812135b47c712828bbe;Parent=4da4fef8c0c260b4;Sampled=0;Lineage=1:9ee0f5ed:0
x-amzn-RequestId: 4cc39b6e-882a-4a94-ad1d-9db8a0be3c93
Access-Control-Allow-Origin: *
Access-Control-Allow-Headers: Content-Type, Authorization, X-Amz-Date, X-Api-Key, X-Amz-Security-Token
x-amz-apigw-id: a8HwdHOBIAMEYrg=
Access-Control-Allow-Methods: GET, POST, PUT, DELETE, OPTIONS, PATCH
X-Cache: Error from cloudfront
Via: 1.1 651cf5d0a06c74ce46a4d577371d508c.cloudfront.net (CloudFront)
X-Amz-Cf-Pop: MIA3-P2
X-Amz-Cf-Id: J-7towhayJ61aXLdRC2cKamlKBVPhyg-rR4f6Cm4kPTKqK_M8_4gKw==

{
    "error": "Invalid bearer token."
}
]]></system-out>
  <system-err><![CDATA[]]></system-err>
</testsuite>
