<?xml version="1.0" encoding="UTF-8"?>
<testsuite name="APITests.books.OrdersTest" tests="6" skipped="0" failures="0" errors="0" timestamp="2026-03-27T15:18:30.376Z" hostname="DESKTOP-IOAC1DS" time="13.087">
  <properties/>
  <testcase name="listarOrdenes" classname="APITests.books.OrdersTest" time="0.31"/>
  <testcase name="crearOrden" classname="APITests.books.OrdersTest" time="0.522"/>
  <testcase name="listarOrdenes" classname="APITests.books.OrdersTest" time="0.194"/>
  <testcase name="validarStatusCode401TokenInvalidoEnPost" classname="APITests.books.OrdersTest" time="0.187"/>
  <testcase name="validarStatusCode400CuandoCuerpoEsInvalido" classname="APITests.books.OrdersTest" time="0.178"/>
  <testcase name="validarStatusCode401TokenInvalidoEnPost" classname="APITests.books.OrdersTest" time="0.175"/>
  <system-out><![CDATA[HTTP/1.1 200 OK
Content-Type: application/json
Content-Length: 2
Connection: keep-alive
Date: Fri, 27 Mar 2026 15:18:33 GMT
X-Amzn-Trace-Id: Root=1-69c69fc9-2d518bc212d20ce50f33f0b0;Parent=6fab6bacb79ea7b1;Sampled=0;Lineage=1:9ee0f5ed:0
x-amzn-RequestId: 7a36f413-3cfc-4158-8f35-5c667ad26f5a
Access-Control-Allow-Origin: *
Access-Control-Allow-Headers: Content-Type, Authorization, X-Amz-Date, X-Api-Key, X-Amz-Security-Token
x-amz-apigw-id: a43neE8roAMEEYQ=
Access-Control-Allow-Methods: GET, POST, PUT, DELETE, OPTIONS, PATCH
X-Cache: Miss from cloudfront
Via: 1.1 0c01d38ad30ed044208dca6e71febecc.cloudfront.net (CloudFront)
X-Amz-Cf-Pop: LIM50-P4
X-Amz-Cf-Id: iNVMsabnXKFeCb5YtGFgbnbkizOeyochwVOnKCPGfCoBsd6m89A6Wg==

[
    
]
HTTP/1.1 201 Created
Content-Type: application/json
Content-Length: 50
Connection: keep-alive
Date: Fri, 27 Mar 2026 15:18:39 GMT
X-Amzn-Trace-Id: Root=1-69c69fcf-16003b906dcd709d4e5a9ebb;Parent=2fe18027ee8985ba;Sampled=0;Lineage=1:9ee0f5ed:0
x-amzn-RequestId: 20b8c7b5-0581-40b5-b23c-12f8e8436284
Access-Control-Allow-Origin: *
Access-Control-Allow-Headers: Content-Type, Authorization, X-Amz-Date, X-Api-Key, X-Amz-Security-Token
x-amz-apigw-id: a43odHhJIAMEGEA=
Access-Control-Allow-Methods: GET, POST, PUT, DELETE, OPTIONS, PATCH
X-Cache: Miss from cloudfront
Via: 1.1 ac7fd017999b6d571e9b83857fbce978.cloudfront.net (CloudFront)
X-Amz-Cf-Pop: LIM50-P4
X-Amz-Cf-Id: fT6Fsq_u2oM6vAVyIjdsDOT8OoNghbe7QpsxqlxYcTub9cXbVmWkDQ==

{
    "created": true,
    "orderId": "3BrprBF6k99eHwRIqa1bq"
}
Order ID creado: 3BrprBF6k99eHwRIqa1bq
HTTP/1.1 200 OK
Content-Type: application/json
Content-Length: 104
Connection: keep-alive
Date: Fri, 27 Mar 2026 15:18:39 GMT
X-Amzn-Trace-Id: Root=1-69c69fcf-442d8b34712e096b4329c6e1;Parent=7cbc44b52e788df0;Sampled=0;Lineage=1:9ee0f5ed:0
x-amzn-RequestId: cd3e1e9e-c94f-440b-a266-3fb40f4564b8
Access-Control-Allow-Origin: *
Access-Control-Allow-Headers: Content-Type, Authorization, X-Amz-Date, X-Api-Key, X-Amz-Security-Token
x-amz-apigw-id: a43ogEjZIAMEcWA=
Access-Control-Allow-Methods: GET, POST, PUT, DELETE, OPTIONS, PATCH
X-Cache: Miss from cloudfront
Via: 1.1 9eef4fd78707b607b9d2cf6666c4603a.cloudfront.net (CloudFront)
X-Amz-Cf-Pop: LIM50-P4
X-Amz-Cf-Id: R9kHQl6QUEGa2xe7shZznpDK1nlN4r2Sp6nrTQStJi8BB__-Wf5ERA==

[
    {
        "id": "3BrprBF6k99eHwRIqa1bq",
        "bookId": 1,
        "customerName": "jhon",
        "quantity": 1,
        "timestamp": 1774624719345
    }
]
HTTP/1.1 401 Unauthorized
Content-Type: application/json
Content-Length: 33
Connection: keep-alive
Date: Fri, 27 Mar 2026 15:18:44 GMT
X-Amzn-Trace-Id: Root=1-69c69fd4-1700cd357f51f3e13722d59c;Parent=696ea037a8b65aa6;Sampled=0;Lineage=1:9ee0f5ed:0
x-amzn-RequestId: c1fd6163-7085-408b-bd10-ee15ce0b3cf1
Access-Control-Allow-Origin: *
Access-Control-Allow-Headers: Content-Type, Authorization, X-Amz-Date, X-Api-Key, X-Amz-Security-Token
x-amz-apigw-id: a43pOEWZoAMErtw=
Access-Control-Allow-Methods: GET, POST, PUT, DELETE, OPTIONS, PATCH
X-Cache: Error from cloudfront
Via: 1.1 eec3bf841ac636f9a2400eb19e13aac0.cloudfront.net (CloudFront)
X-Amz-Cf-Pop: LIM50-P4
X-Amz-Cf-Id: -YqQGeXyXWjyomjYtMJyEyA2pB9fWWgmbApA98VvBHFF7JgTdz1U4Q==

{
    "error": "Invalid bearer token."
}
HTTP/1.1 400 Bad Request
Content-Type: application/json
Content-Length: 38
Connection: keep-alive
Date: Fri, 27 Mar 2026 15:18:45 GMT
X-Amzn-Trace-Id: Root=1-69c69fd5-100791385468712a114893dd;Parent=1bed315590a2aff1;Sampled=0;Lineage=1:9ee0f5ed:0
x-amzn-RequestId: 1d9abd4a-6a70-46cf-827d-dbcccdc0a4eb
Access-Control-Allow-Origin: *
Access-Control-Allow-Headers: Content-Type, Authorization, X-Amz-Date, X-Api-Key, X-Amz-Security-Token
x-amz-apigw-id: a43pcGFkIAMEMwQ=
Access-Control-Allow-Methods: GET, POST, PUT, DELETE, OPTIONS, PATCH
X-Cache: Error from cloudfront
Via: 1.1 c5d20cc2f3b2ec11dc31e9645834ece2.cloudfront.net (CloudFront)
X-Amz-Cf-Pop: LIM50-P4
X-Amz-Cf-Id: l10Xk27dc3-ccL1JTy6TWfsZ_HMHmhKfOdgsLRiZfhcDXgAEzqnJRg==

{
    "error": "Invalid or missing bookId."
}
HTTP/1.1 401 Unauthorized
Content-Type: application/json
Content-Length: 33
Connection: keep-alive
Date: Fri, 27 Mar 2026 15:18:45 GMT
X-Amzn-Trace-Id: Root=1-69c69fd5-475242121ed9219501cfe2e8;Parent=3a9c795f7accad61;Sampled=0;Lineage=1:9ee0f5ed:0
x-amzn-RequestId: f282b2fb-6706-4450-a67d-8a99792d298d
Access-Control-Allow-Origin: *
Access-Control-Allow-Headers: Content-Type, Authorization, X-Amz-Date, X-Api-Key, X-Amz-Security-Token
x-amz-apigw-id: a43peHrVoAMELPw=
Access-Control-Allow-Methods: GET, POST, PUT, DELETE, OPTIONS, PATCH
X-Cache: Error from cloudfront
Via: 1.1 2420b43d96bd040d43ee898a9214ab8a.cloudfront.net (CloudFront)
X-Amz-Cf-Pop: LIM50-P4
X-Amz-Cf-Id: KiZYU9QWy-D2ufRWJCXXm8oTPgXBn6SMqTnskYeAqAEMZTKoFFm8RA==

{
    "error": "Invalid bearer token."
}
]]></system-out>
  <system-err><![CDATA[]]></system-err>
</testsuite>
