<?xml version="1.0" encoding="UTF-8"?>
<testsuite name="APITests.books.BooksTest" tests="8" skipped="0" failures="0" errors="0" timestamp="2026-03-26T21:06:06.788Z" hostname="DESKTOP-IOAC1DS" time="20.669">
  <properties/>
  <testcase name="validarStatusCode200Books" classname="APITests.books.BooksTest" time="0.221"/>
  <testcase name="listarLibrosConToken" classname="APITests.books.BooksTest" time="0.429"/>
  <testcase name="validarLibroPorId[0](1)" classname="APITests.books.BooksTest" time="0.453"/>
  <testcase name="validarLibroPorId[1](2)" classname="APITests.books.BooksTest" time="0.248"/>
  <testcase name="validarLibroPorId[2](3)" classname="APITests.books.BooksTest" time="0.263"/>
  <testcase name="validarStatusCode200Books" classname="APITests.books.BooksTest" time="0.216"/>
  <testcase name="validarStatusCode404LibroNoExiste" classname="APITests.books.BooksTest" time="0.175"/>
  <testcase name="validarTiempoDeRespuesta" classname="APITests.books.BooksTest" time="0.307"/>
  <system-out><![CDATA[Request URI:	https://simple-books-api.click:443/api-clients
Respuesta: {"accessToken":"1a096b3d3711c30866c6a0ef08b6ff9dca05c214326a6615fa133047189624f0"}
HTTP/1.1 200 OK
Content-Type: application/json
Content-Length: 417
Connection: keep-alive
Date: Thu, 26 Mar 2026 21:06:06 GMT
X-Amzn-Trace-Id: Root=1-69c59fbe-71de0f7467883ca30138becc;Parent=25eff060d5accdb1;Sampled=0;Lineage=1:9ee0f5ed:0
x-amzn-RequestId: 63037277-00c1-46fe-91db-5e041f49d8b2
Access-Control-Allow-Origin: *
Access-Control-Allow-Headers: Content-Type, Authorization, X-Amz-Date, X-Api-Key, X-Amz-Security-Token
x-amz-apigw-id: a2Xl0GmCoAMEV2A=
Access-Control-Allow-Methods: GET, POST, PUT, DELETE, OPTIONS, PATCH
X-Cache: Miss from cloudfront
Via: 1.1 eaa8527bd6db15317a1490e92fd0c428.cloudfront.net (CloudFront)
X-Amz-Cf-Pop: LIM50-P4
X-Amz-Cf-Id: 4RmWMfRhvAs6sVDwXy4y7EO7wDw7VjymrhQcUPEe-riHxUX4pV_Afw==

[
    {
        "id": 1,
        "name": "The Russian",
        "type": "fiction",
        "available": true
    },
    {
        "id": 3,
        "name": "The Vanishing Half",
        "type": "fiction",
        "available": true
    },
    {
        "id": 4,
        "name": "The Midnight Library",
        "type": "fiction",
        "available": true
    },
    {
        "id": 6,
        "name": "Viscount Who Loved Me",
        "type": "fiction",
        "available": true
    },
    {
        "id": 2,
        "name": "Just as I Am",
        "type": "non-fiction",
        "available": false
    },
    {
        "id": 5,
        "name": "Untamed",
        "type": "non-fiction",
        "available": true
    }
]
Request URI:	https://simple-books-api.click:443/api-clients
Respuesta: {"accessToken":"eaf0aef9d00a2ad18646c8613538a9c4db1501ec2e65662ac95e9dfb36e4db28"}
Lista de libros: [{"id":1,"name":"The Russian","type":"fiction","available":true},{"id":3,"name":"The Vanishing Half","type":"fiction","available":true},{"id":4,"name":"The Midnight Library","type":"fiction","available":true},{"id":6,"name":"Viscount Who Loved Me","type":"fiction","available":true},{"id":2,"name":"Just as I Am","type":"non-fiction","available":false},{"id":5,"name":"Untamed","type":"non-fiction","available":true}]
HTTP/1.1 200 OK
Content-Type: application/json
Content-Length: 316
Connection: keep-alive
Date: Thu, 26 Mar 2026 21:06:13 GMT
X-Amzn-Trace-Id: Root=1-69c59fc5-04dc7cda7dcbbd56084d7d16;Parent=2a6f4195081bae42;Sampled=0;Lineage=1:9ee0f5ed:0
x-amzn-RequestId: 5b156162-4622-465d-9064-6876b2d2c622
Access-Control-Allow-Origin: *
Access-Control-Allow-Headers: Content-Type, Authorization, X-Amz-Date, X-Api-Key, X-Amz-Security-Token
x-amz-apigw-id: a2Xm2HSqoAMEPWA=
Access-Control-Allow-Methods: GET, POST, PUT, DELETE, OPTIONS, PATCH
X-Cache: Miss from cloudfront
Via: 1.1 9eef4fd78707b607b9d2cf6666c4603a.cloudfront.net (CloudFront)
X-Amz-Cf-Pop: LIM50-P4
X-Amz-Cf-Id: yYAppdoPIrvmpQOL4Xin2KTAaX4eH5O_76x7ke9dacrAcf81N8toFQ==

{
    "id": 1,
    "entityType": "BOOK",
    "available": true,
    "timestamp": 1752239490804,
    "created": "2025-07-11T13:11:30.804Z",
    "isbn": "1780899475",
    "GSI1SK": "BOOK#1",
    "name": "The Russian",
    "current-stock": 12,
    "GSI1PK": "TYPE#fiction",
    "price": 12.98,
    "PK": "BOOK#1",
    "author": "James Patterson and James O. Born",
    "type": "fiction",
    "SK": "METADATA"
}
HTTP/1.1 200 OK
Content-Type: application/json
Content-Length: 284
Connection: keep-alive
Date: Thu, 26 Mar 2026 21:06:13 GMT
X-Amzn-Trace-Id: Root=1-69c59fc5-3d94a34e3f2c143a692576f2;Parent=1f6df3da04473b8e;Sampled=0;Lineage=1:9ee0f5ed:0
x-amzn-RequestId: 58a3498f-b596-44d6-acc5-5ff75b242b94
Access-Control-Allow-Origin: *
Access-Control-Allow-Headers: Content-Type, Authorization, X-Amz-Date, X-Api-Key, X-Amz-Security-Token
x-amz-apigw-id: a2Xm6HfIoAMEvNQ=
Access-Control-Allow-Methods: GET, POST, PUT, DELETE, OPTIONS, PATCH
X-Cache: Miss from cloudfront
Via: 1.1 2b3f3fcac6b134b7a6d679485a9458b4.cloudfront.net (CloudFront)
X-Amz-Cf-Pop: LIM50-P4
X-Amz-Cf-Id: zUKGAD4KNqiXJUVatXZZmo3Fflp_YRTHb4VDfyfH3iGgKsD7MJXt7g==

{
    "id": 2,
    "entityType": "BOOK",
    "available": false,
    "timestamp": 1752239490804,
    "created": "2025-07-11T13:11:30.804Z",
    "GSI1SK": "BOOK#2",
    "name": "Just as I Am",
    "current-stock": 0,
    "GSI1PK": "TYPE#non-fiction",
    "price": 20.33,
    "PK": "BOOK#2",
    "author": "Cicely Tyson",
    "type": "non-fiction",
    "SK": "METADATA"
}
HTTP/1.1 200 OK
Content-Type: application/json
Content-Length: 282
Connection: keep-alive
Date: Thu, 26 Mar 2026 21:06:13 GMT
X-Amzn-Trace-Id: Root=1-69c59fc5-0fb741e476a410b51881d0e3;Parent=53a9b0afce11668e;Sampled=0;Lineage=1:9ee0f5ed:0
x-amzn-RequestId: 90e0556a-d470-40e6-beb5-44b9c7772a54
Access-Control-Allow-Origin: *
Access-Control-Allow-Headers: Content-Type, Authorization, X-Amz-Date, X-Api-Key, X-Amz-Security-Token
x-amz-apigw-id: a2Xm9EuAIAMERpA=
Access-Control-Allow-Methods: GET, POST, PUT, DELETE, OPTIONS, PATCH
X-Cache: Miss from cloudfront
Via: 1.1 2b3f3fcac6b134b7a6d679485a9458b4.cloudfront.net (CloudFront)
X-Amz-Cf-Pop: LIM50-P4
X-Amz-Cf-Id: GOtjsH3X7SC5pJiUSNameD9E7i10qVq-wSLkeo0xGUTQUe36fAtT0Q==

{
    "id": 3,
    "entityType": "BOOK",
    "available": true,
    "timestamp": 1752239490804,
    "created": "2025-07-11T13:11:30.804Z",
    "GSI1SK": "BOOK#3",
    "name": "The Vanishing Half",
    "current-stock": 987,
    "GSI1PK": "TYPE#fiction",
    "price": 16.2,
    "PK": "BOOK#3",
    "author": "Brit Bennett",
    "type": "fiction",
    "SK": "METADATA"
}
HTTP/1.1 200 OK
Content-Type: application/json
Content-Length: 417
Connection: keep-alive
Date: Thu, 26 Mar 2026 21:06:14 GMT
X-Amzn-Trace-Id: Root=1-69c59fc6-09265b1d745a18387d5e97ef;Parent=204feac4dc0bf016;Sampled=0;Lineage=1:9ee0f5ed:0
x-amzn-RequestId: c8ee1a6f-2e0d-4216-9665-855a3ec25538
Access-Control-Allow-Origin: *
Access-Control-Allow-Headers: Content-Type, Authorization, X-Amz-Date, X-Api-Key, X-Amz-Security-Token
x-amz-apigw-id: a2XnAE4eoAMEIEQ=
Access-Control-Allow-Methods: GET, POST, PUT, DELETE, OPTIONS, PATCH
X-Cache: Miss from cloudfront
Via: 1.1 1a8f4e7ec86ac95ada5cd8e1bafd669e.cloudfront.net (CloudFront)
X-Amz-Cf-Pop: LIM50-P4
X-Amz-Cf-Id: ntDuF5qixFKSuszHMM48n5mS5HHZmjc9gx7ewqxj_IuwiLu-33_Rqg==

[
    {
        "id": 1,
        "name": "The Russian",
        "type": "fiction",
        "available": true
    },
    {
        "id": 3,
        "name": "The Vanishing Half",
        "type": "fiction",
        "available": true
    },
    {
        "id": 4,
        "name": "The Midnight Library",
        "type": "fiction",
        "available": true
    },
    {
        "id": 6,
        "name": "Viscount Who Loved Me",
        "type": "fiction",
        "available": true
    },
    {
        "id": 2,
        "name": "Just as I Am",
        "type": "non-fiction",
        "available": false
    },
    {
        "id": 5,
        "name": "Untamed",
        "type": "non-fiction",
        "available": true
    }
]
Request URI:	https://simple-books-api.click:443/api-clients
Respuesta: {"accessToken":"0e8859f1f6415d162f5a5e0a01f8b7a00e61f4ebc8676303853a307be0aa5b26"}
HTTP/1.1 404 Not Found
Content-Type: application/json
Content-Length: 31
Connection: keep-alive
Date: Thu, 26 Mar 2026 21:06:23 GMT
X-Amzn-Trace-Id: Root=1-69c59fcf-03a60b5343b2699c00018720;Parent=5cd242fc6e704fcf;Sampled=0;Lineage=1:9ee0f5ed:0
x-amzn-RequestId: 1c31af2d-7f8c-4710-b758-cbc98b6f141b
Access-Control-Allow-Origin: *
Access-Control-Allow-Headers: Content-Type, Authorization, X-Amz-Date, X-Api-Key, X-Amz-Security-Token
x-amz-apigw-id: a2XoaGVEIAMEeZA=
Access-Control-Allow-Methods: GET, POST, PUT, DELETE, OPTIONS, PATCH
X-Cache: Error from cloudfront
Via: 1.1 b1e437ee2260afd9c0785483f86b24ce.cloudfront.net (CloudFront)
X-Amz-Cf-Pop: LIM50-P4
X-Amz-Cf-Id: oz9w2Tc7-p6DIB55_xQ1ro3nduib8x-a_uhDiqqitUktxJfgJ2E5Rw==

{
    "error": "No book with id 999"
}
Request URI:	https://simple-books-api.click:443/api-clients
Respuesta: {"accessToken":"d647a2889eb1b1479695ae2800eb79a5207e82a95fe92eca4ef26dff97004222"}
]]></system-out>
  <system-err><![CDATA[]]></system-err>
</testsuite>
