<?xml version="1.0" encoding="UTF-8"?>
<testsuite name="APITests.books.BooksSchemaValidation" tests="3" skipped="0" failures="0" errors="0" timestamp="2026-03-27T15:18:30.745Z" hostname="DESKTOP-IOAC1DS" time="10.822">
  <properties/>
  <testcase name="validarSchemaDeBooksEsCorrecto" classname="APITests.books.BooksSchemaValidation" time="2.23"/>
  <testcase name="validarSchemaDeBooksEsCorrecto" classname="APITests.books.BooksSchemaValidation" time="0.198"/>
  <testcase name="validarSchemaDeBooksEsCorrecto" classname="APITests.books.BooksSchemaValidation" time="0.189"/>
  <system-out><![CDATA[HTTP/1.1 200 OK
Content-Type: application/json
Content-Length: 417
Connection: keep-alive
Date: Fri, 27 Mar 2026 15:18:33 GMT
X-Amzn-Trace-Id: Root=1-69c69fc9-047d864363fd7ef1362eb3a2;Parent=204aa8fdf1899572;Sampled=0;Lineage=1:9ee0f5ed:0
x-amzn-RequestId: e758c686-3385-4bdf-8323-6eb5da828e4e
Access-Control-Allow-Origin: *
Access-Control-Allow-Headers: Content-Type, Authorization, X-Amz-Date, X-Api-Key, X-Amz-Security-Token
x-amz-apigw-id: a43nhGAJIAMEMdw=
Access-Control-Allow-Methods: GET, POST, PUT, DELETE, OPTIONS, PATCH
X-Cache: Miss from cloudfront
Via: 1.1 722f597c84cab93cda2bd93b0200150c.cloudfront.net (CloudFront)
X-Amz-Cf-Pop: LIM50-P4
X-Amz-Cf-Id: 5oNrBoBJltSMvJQ9D2OcYxrhbEQnIC8ObQ5YRnCZv_B9zvJv1U7OFw==

[
    {
        "id": 1,
        "name": "The Russian",
        "type": "fiction",
        "available": true
    },
    {
        "id": 3,
        "name": "The Vanishing Half",
        "type": "fiction",
        "available": true
    },
    {
        "id": 4,
        "name": "The Midnight Library",
        "type": "fiction",
        "available": true
    },
    {
        "id": 6,
        "name": "Viscount Who Loved Me",
        "type": "fiction",
        "available": true
    },
    {
        "id": 2,
        "name": "Just as I Am",
        "type": "non-fiction",
        "available": false
    },
    {
        "id": 5,
        "name": "Untamed",
        "type": "non-fiction",
        "available": true
    }
]
HTTP/1.1 200 OK
Content-Type: application/json
Content-Length: 417
Connection: keep-alive
Date: Fri, 27 Mar 2026 15:18:41 GMT
X-Amzn-Trace-Id: Root=1-69c69fd1-661f4cde1c001dc5111f427e;Parent=116ac20336af1f6a;Sampled=0;Lineage=1:9ee0f5ed:0
x-amzn-RequestId: a6dae78c-501e-479d-986e-211fdd5ad098
Access-Control-Allow-Origin: *
Access-Control-Allow-Headers: Content-Type, Authorization, X-Amz-Date, X-Api-Key, X-Amz-Security-Token
x-amz-apigw-id: a43ovGtAIAMEqbg=
Access-Control-Allow-Methods: GET, POST, PUT, DELETE, OPTIONS, PATCH
X-Cache: Miss from cloudfront
Via: 1.1 fa8b0effa6df576b1019d4a3c72e50c6.cloudfront.net (CloudFront)
X-Amz-Cf-Pop: LIM50-P4
X-Amz-Cf-Id: 73y_tZLJgdcCmckyuz1aMxW8TcfXMKk-lptmqFmkuYAf1kLLupZl4w==

[
    {
        "id": 1,
        "name": "The Russian",
        "type": "fiction",
        "available": true
    },
    {
        "id": 3,
        "name": "The Vanishing Half",
        "type": "fiction",
        "available": true
    },
    {
        "id": 4,
        "name": "The Midnight Library",
        "type": "fiction",
        "available": true
    },
    {
        "id": 6,
        "name": "Viscount Who Loved Me",
        "type": "fiction",
        "available": true
    },
    {
        "id": 2,
        "name": "Just as I Am",
        "type": "non-fiction",
        "available": false
    },
    {
        "id": 5,
        "name": "Untamed",
        "type": "non-fiction",
        "available": true
    }
]
HTTP/1.1 200 OK
Content-Type: application/json
Content-Length: 417
Connection: keep-alive
Date: Fri, 27 Mar 2026 15:18:43 GMT
X-Amzn-Trace-Id: Root=1-69c69fd3-7e23132a4dd59f7c40948b12;Parent=7388acd5fec33a1f;Sampled=0;Lineage=1:9ee0f5ed:0
x-amzn-RequestId: 4c386c0d-653f-4864-a53a-076261662727
Access-Control-Allow-Origin: *
Access-Control-Allow-Headers: Content-Type, Authorization, X-Amz-Date, X-Api-Key, X-Amz-Security-Token
x-amz-apigw-id: a43pLFKVIAMEGYA=
Access-Control-Allow-Methods: GET, POST, PUT, DELETE, OPTIONS, PATCH
X-Cache: Miss from cloudfront
Via: 1.1 9d599e6520e520abd2fb234fbff43d4e.cloudfront.net (CloudFront)
X-Amz-Cf-Pop: LIM50-P4
X-Amz-Cf-Id: 9ZyvZBi-tlyuBilkekrZxiETxJ-t9oeKKvK2PkZa_Y1tCdLo-xl21w==

[
    {
        "id": 1,
        "name": "The Russian",
        "type": "fiction",
        "available": true
    },
    {
        "id": 3,
        "name": "The Vanishing Half",
        "type": "fiction",
        "available": true
    },
    {
        "id": 4,
        "name": "The Midnight Library",
        "type": "fiction",
        "available": true
    },
    {
        "id": 6,
        "name": "Viscount Who Loved Me",
        "type": "fiction",
        "available": true
    },
    {
        "id": 2,
        "name": "Just as I Am",
        "type": "non-fiction",
        "available": false
    },
    {
        "id": 5,
        "name": "Untamed",
        "type": "non-fiction",
        "available": true
    }
]
]]></system-out>
  <system-err><![CDATA[]]></system-err>
</testsuite>
