<?xml version="1.0" encoding="UTF-8"?>
<testsuite name="APITests.auth.AuthTest" tests="3" skipped="0" failures="0" errors="0" timestamp="2026-03-28T14:59:02.789Z" hostname="DESKTOP-IOAC1DS" time="18.894">
  <properties/>
  <testcase name="registroExitosoRetorna201ConToken" classname="APITests.auth.AuthTest" time="0.608"/>
  <testcase name="validarCuerpoVacioRetorna400" classname="APITests.auth.AuthTest" time="0.27"/>
  <testcase name="validarSoloNombreRetorna400" classname="APITests.auth.AuthTest" time="0.338"/>
  <system-out><![CDATA[Token intento 1 | status: 201
HTTP/1.1 201 Created
Content-Type: application/json
Content-Length: 82
Connection: keep-alive
Date: Sat, 28 Mar 2026 14:59:06 GMT
X-Amzn-Trace-Id: Root=1-69c7ecba-454c86911292e44805dcc5fb;Parent=0500ae2770247d54;Sampled=0;Lineage=1:9ee0f5ed:0
x-amzn-RequestId: 6efcb468-38a3-4204-9e9f-787d979a6959
Access-Control-Allow-Origin: *
Access-Control-Allow-Headers: Content-Type, Authorization, X-Amz-Date, X-Api-Key, X-Amz-Security-Token
x-amz-apigw-id: a8HtQGNJIAMESFQ=
Access-Control-Allow-Methods: GET, POST, PUT, DELETE, OPTIONS, PATCH
X-Cache: Miss from cloudfront
Via: 1.1 edc731fea88a8cd61136d321a3ec9df2.cloudfront.net (CloudFront)
X-Amz-Cf-Pop: MIA3-P2
X-Amz-Cf-Id: S9cmyYBmJcfCztGr0X5lYic4-lF8jmACO10nEhS5FoOiouzCN0wKdQ==

{
    "accessToken": "d69da97a0a0c9621e66b677e5ebf49d6124c81baa16683bac0b034fc83e5232d"
}
Token intento 1 | status: 201
HTTP/1.1 400 Bad Request
Content-Type: application/json
Content-Length: 43
Connection: keep-alive
Date: Sat, 28 Mar 2026 14:59:24 GMT
X-Amzn-Trace-Id: Root=1-69c7eccc-243914283e8fc66156ee5cac;Parent=1d489e8fe38e72fb;Sampled=0;Lineage=1:9ee0f5ed:0
x-amzn-RequestId: 2af512ca-e166-423b-915e-859ab8924230
Access-Control-Allow-Origin: *
Access-Control-Allow-Headers: Content-Type, Authorization, X-Amz-Date, X-Api-Key, X-Amz-Security-Token
x-amz-apigw-id: a8HwFF_OoAMEoZw=
Access-Control-Allow-Methods: GET, POST, PUT, DELETE, OPTIONS, PATCH
X-Cache: Error from cloudfront
Via: 1.1 9b435e7a8d74607fede4b1f1f66d58dc.cloudfront.net (CloudFront)
X-Amz-Cf-Pop: MIA3-P2
X-Amz-Cf-Id: Y2eaNUcCLQcAztNOoFQYc8C95gQvhBBMDGKpbgzITRA0_WNLZTBgcQ==

{
    "error": "Invalid or missing client name."
}
HTTP/1.1 400 Bad Request
Content-Type: application/json
Content-Length: 44
Connection: keep-alive
Date: Sat, 28 Mar 2026 14:59:25 GMT
X-Amzn-Trace-Id: Root=1-69c7eccd-1e4ef8ed3c67abb61daeaa69;Parent=71b2f2134c570d24;Sampled=0;Lineage=1:9ee0f5ed:0
x-amzn-RequestId: e5b0000e-7fca-4f2c-85c4-1b48366cfe81
Access-Control-Allow-Origin: *
Access-Control-Allow-Headers: Content-Type, Authorization, X-Amz-Date, X-Api-Key, X-Amz-Security-Token
x-amz-apigw-id: a8HwJGaMoAMEqkQ=
Access-Control-Allow-Methods: GET, POST, PUT, DELETE, OPTIONS, PATCH
X-Cache: Error from cloudfront
Via: 1.1 e1f65ba06022d8499dfa37a9c3123554.cloudfront.net (CloudFront)
X-Amz-Cf-Pop: MIA3-P2
X-Amz-Cf-Id: dxt_EounkKf1_HFxM5I42CnWBA9dCHPRRbmfTQY-x7m3qwbWWMCbjw==

{
    "error": "Invalid or missing client email."
}
]]></system-out>
  <system-err><![CDATA[]]></system-err>
</testsuite>
